Configuring bmp-1.2.5.2...
Building bmp-1.2.5.2...
Preprocessing library bmp-1.2.5.2...
[ 1 of 12] Compiling Codec.BMP.CIEXYZ ( Codec/BMP/CIEXYZ.hs, dist/dist-sandbox-fbc8462f/build/Codec/BMP/CIEXYZ.o )
[ 2 of 12] Compiling Codec.BMP.Compression ( Codec/BMP/Compression.hs, dist/dist-sandbox-fbc8462f/build/Codec/BMP/Compression.o )
[ 3 of 12] Compiling Codec.BMP.Error  ( Codec/BMP/Error.hs, dist/dist-sandbox-fbc8462f/build/Codec/BMP/Error.o )
[ 4 of 12] Compiling Codec.BMP.BitmapInfoV3 ( Codec/BMP/BitmapInfoV3.hs, dist/dist-sandbox-fbc8462f/build/Codec/BMP/BitmapInfoV3.o )
[ 5 of 12] Compiling Codec.BMP.FileHeader ( Codec/BMP/FileHeader.hs, dist/dist-sandbox-fbc8462f/build/Codec/BMP/FileHeader.o )
[ 6 of 12] Compiling Codec.BMP.BitmapInfoV4 ( Codec/BMP/BitmapInfoV4.hs, dist/dist-sandbox-fbc8462f/build/Codec/BMP/BitmapInfoV4.o )
[ 7 of 12] Compiling Codec.BMP.BitmapInfoV5 ( Codec/BMP/BitmapInfoV5.hs, dist/dist-sandbox-fbc8462f/build/Codec/BMP/BitmapInfoV5.o )
[ 8 of 12] Compiling Codec.BMP.BitmapInfo ( Codec/BMP/BitmapInfo.hs, dist/dist-sandbox-fbc8462f/build/Codec/BMP/BitmapInfo.o )
[ 9 of 12] Compiling Codec.BMP.Base   ( Codec/BMP/Base.hs, dist/dist-sandbox-fbc8462f/build/Codec/BMP/Base.o )
[10 of 12] Compiling Codec.BMP.Unpack ( Codec/BMP/Unpack.hs, dist/dist-sandbox-fbc8462f/build/Codec/BMP/Unpack.o )
[11 of 12] Compiling Codec.BMP.Pack   ( Codec/BMP/Pack.hs, dist/dist-sandbox-fbc8462f/build/Codec/BMP/Pack.o )
[12 of 12] Compiling Codec.BMP        ( Codec/BMP.hs, dist/dist-sandbox-fbc8462f/build/Codec/BMP.o )
In-place registering bmp-1.2.5.2...
Creating package registration file:
/var/folders/dn/d63f1x4s6l9cbv9sf3pxsgqr0015hw/T/pkgConf-bmp-1.2.58235644401115438165.2
Installing library in
/Users/mlopezva/Documents/Learning/Haskell/game-haskell-ebook/.cabal-sandbox/lib/x86_64-osx-ghc-7.8.4/bmp-1.2.5.2
Registering bmp-1.2.5.2...
